Configuring fsnotify-0.2.1...
Building fsnotify-0.2.1...
Preprocessing library fsnotify-0.2.1...
[1 of 7] Compiling System.FSNotify.Path ( src/System/FSNotify/Path.hs, .stack-work/dist/x86_64-osx/Cabal-1.24.0.0/build/System/FSNotify/Path.o )

src/System/FSNotify/Path.hs:17:1: warning: [-Wunused-imports]
    The import of ‘Control.Applicative’ is redundant
      except perhaps to import instances from ‘Control.Applicative’
    To import instances alone, use: import Control.Applicative()
[2 of 7] Compiling System.FSNotify.Types ( src/System/FSNotify/Types.hs, .stack-work/dist/x86_64-osx/Cabal-1.24.0.0/build/System/FSNotify/Types.o )
[3 of 7] Compiling System.FSNotify.Listener ( src/System/FSNotify/Listener.hs, .stack-work/dist/x86_64-osx/Cabal-1.24.0.0/build/System/FSNotify/Listener.o )
[4 of 7] Compiling System.FSNotify.OSX ( src/System/FSNotify/OSX.hs, .stack-work/dist/x86_64-osx/Cabal-1.24.0.0/build/System/FSNotify/OSX.o )

src/System/FSNotify/OSX.hs:30:34: warning: [-Wunused-top-binds]
    Defined but not used: data constructor ‘Recursive’
[5 of 7] Compiling System.FSNotify.Polling ( src/System/FSNotify/Polling.hs, .stack-work/dist/x86_64-osx/Cabal-1.24.0.0/build/System/FSNotify/Polling.o )

src/System/FSNotify/Polling.hs:14:1: warning: [-Wunused-imports]
    The import of ‘Control.Applicative’ is redundant
      except perhaps to import instances from ‘Control.Applicative’
    To import instances alone, use: import Control.Applicative()
[6 of 7] Compiling System.FSNotify  ( src/System/FSNotify.hs, .stack-work/dist/x86_64-osx/Cabal-1.24.0.0/build/System/FSNotify.o )

src/System/FSNotify.hs:67:1: warning: [-Wunused-imports]
    The import of ‘Control.Applicative’ is redundant
      except perhaps to import instances from ‘Control.Applicative’
    To import instances alone, use: import Control.Applicative()
[7 of 7] Compiling System.FSNotify.Devel ( src/System/FSNotify/Devel.hs, .stack-work/dist/x86_64-osx/Cabal-1.24.0.0/build/System/FSNotify/Devel.o )

src/System/FSNotify/Devel.hs:52:1: warning: [-Wredundant-constraints]
    • Redundant constraint: Monad m
    • In the type signature for:
           doAllEvents :: Monad m => (FilePath -> m ()) -> Event -> m ()
Installing library in
/Users/szp/.stack/snapshots/x86_64-osx/nightly-2017-01-10/8.0.1/lib/x86_64-osx-ghc-8.0.1/fsnotify-0.2.1-CVmm5Xm7TKeFvZGmZ2FEgl
Registering fsnotify-0.2.1...
